\BOOKMARK [0][-]{chapter.1}{\376\377\000T\000h\000e\000\040\000V\000o\000c\000a\000t\000i\000o\000n\000\040\000o\000f\000\040\000t\000h\000e\000\040\000C\000h\000u\000r\000c\000h}{}% 1
\BOOKMARK [1][-]{section.1.1}{\376\377\000T\000h\000e\000\040\000C\000h\000u\000r\000c\000h}{chapter.1}% 2
\BOOKMARK [1][-]{section.1.2}{\376\377\000S\000e\000e\000k\000i\000n\000g\000\040\000H\000e\000a\000v\000e\000n\000l\000y\000\040\000T\000h\000i\000n\000g\000s}{chapter.1}% 3
\BOOKMARK [1][-]{section.1.3}{\376\377\000T\000h\000e\000\040\000P\000l\000a\000c\000e\000\040\000o\000f\000\040\000T\000e\000s\000t\000i\000n\000g}{chapter.1}% 4
\BOOKMARK [0][-]{chapter.2}{\376\377\000G\000o\000d\000'\000s\000\040\000C\000o\000m\000p\000r\000e\000h\000e\000n\000s\000i\000v\000e\000\040\000P\000u\000r\000p\000o\000s\000e}{}% 5
\BOOKMARK [1][-]{section.2.1}{\376\377\000S\000u\000m\000m\000a\000r\000y\000\040\000o\000f\000\040\000J\000o\000h\000n\000'\000s\000\040\000g\000o\000s\000p\000e\000l}{chapter.2}% 6
\BOOKMARK [1][-]{section.2.2}{\376\377\000C\000h\000a\000p\000t\000e\000r\000s\000\040\0001\0004\000,\000\040\0001\0005\000\040\000a\000n\000d\000\040\0001\0006}{chapter.2}% 7
\BOOKMARK [1][-]{section.2.3}{\376\377\000T\000h\000e\000\040\000D\000e\000f\000i\000n\000i\000t\000i\000o\000n\000\040\000o\000f\000\040\000F\000r\000u\000i\000t}{chapter.2}% 8
\BOOKMARK [0][-]{chapter.3}{\376\377\000G\000o\000d\000'\000s\000\040\000P\000u\000r\000p\000o\000s\000e\000\040\000R\000e\000a\000l\000i\000s\000e\000d\000\040\000T\000h\000r\000o\000u\000g\000h\000\040\000S\000o\000n\000s\000h\000i\000p}{}% 9
\BOOKMARK [1][-]{section.3.1}{\376\377\000L\000e\000v\000i\000t\000i\000c\000a\000l\000\040\000M\000i\000n\000i\000s\000t\000r\000y}{chapter.3}% 10
\BOOKMARK [1][-]{section.3.2}{\376\377\000S\000o\000n\000s\000h\000i\000p}{chapter.3}% 11
\BOOKMARK [1][-]{section.3.3}{\376\377\000T\000h\000e\000\040\000H\000o\000u\000s\000e\000\040\000o\000f\000\040\000G\000o\000d}{chapter.3}% 12
\BOOKMARK [0][-]{chapter.4}{\376\377\000T\000h\000e\000\040\000C\000r\000o\000s\000s\000\040\000i\000n\000\040\000R\000e\000l\000a\000t\000i\000o\000n\000\040\000t\000o\000\040\000G\000o\000d\000'\000s\000\040\000E\000t\000e\000r\000n\000a\000l\000\040\000P\000u\000r\000p\000o\000s\000e}{}% 13
\BOOKMARK [1][-]{section.4.1}{\376\377\000T\000h\000e\000\040\000C\000r\000o\000s\000s\000\040\000V\000i\000e\000w\000e\000d\000\040\000f\000r\000o\000m\000\040\000S\000a\000t\000a\000n\000'\000s\000\040\000S\000t\000a\000n\000d\000p\000o\000i\000n\000t}{chapter.4}% 14
\BOOKMARK [2][-]{subsection.4.1.1}{\376\377\000H\000i\000s\000\040\000h\000a\000t\000r\000e\000d\000\040\000r\000e\000v\000e\000a\000l\000e\000d\000\040\000i\000n\000\040\000c\000r\000u\000c\000i\000f\000i\000x\000i\000o\000n\000.}{section.4.1}% 15
\BOOKMARK [2][-]{subsection.4.1.2}{\376\377\000H\000i\000s\000\040\000h\000o\000l\000d\000\040\000o\000n\000\040\000m\000e\000n\000\040\000r\000e\000v\000e\000a\000l\000e\000d\000\040\000i\000n\000\040\000c\000r\000u\000c\000i\000f\000i\000x\000i\000o\000n\000.}{section.4.1}% 16
\BOOKMARK [1][-]{section.4.2}{\376\377\000T\000h\000e\000\040\000C\000r\000o\000s\000s\000\040\000V\000i\000e\000w\000e\000d\000\040\000f\000r\000o\000m\000\040\000t\000h\000e\000\040\000D\000i\000v\000i\000n\000e\000\040\000S\000t\000a\000n\000d\000p\000o\000i\000n\000t}{chapter.4}% 17
\BOOKMARK [1][-]{section.4.3}{\376\377\000T\000h\000e\000\040\000C\000r\000o\000s\000s\000\040\000V\000i\000e\000w\000e\000d\000\040\000f\000r\000o\000m\000\040\000t\000h\000e\000\040\000S\000t\000a\000n\000d\000p\000o\000i\000n\000t\000\040\000o\000f\000\040\000t\000h\000e\000\040\000C\000h\000u\000r\000c\000h}{chapter.4}% 18
\BOOKMARK [0][-]{chapter.5}{\376\377\000T\000h\000e\000\040\000R\000e\000s\000u\000r\000r\000e\000c\000t\000e\000d\000\040\000P\000o\000s\000i\000t\000i\000o\000n\000\040\000o\000f\000\040\000t\000h\000e\000\040\000C\000h\000u\000r\000c\000h}{}% 19
\BOOKMARK [1][-]{section.5.1}{\376\377\000T\000h\000e\000\040\000G\000r\000e\000a\000t\000\040\000S\000h\000e\000p\000h\000e\000r\000d\000\040\000R\000e\000t\000u\000r\000n\000s}{chapter.5}% 20
\BOOKMARK [1][-]{section.5.2}{\376\377\000A\000t\000t\000a\000c\000h\000m\000e\000n\000t\000\040\000t\000o\000\040\000H\000i\000m\000\040\000o\000n\000\040\000t\000h\000e\000\040\000B\000a\000s\000i\000s\000\040\000o\000f\000\040\000R\000e\000s\000u\000r\000r\000e\000c\000t\000i\000o\000n}{chapter.5}% 21
\BOOKMARK [0][-]{chapter.6}{\376\377\000A\000\040\000C\000o\000m\000p\000a\000n\000i\000o\000n\000\040\000t\000o\000\040\000t\000h\000e\000\040\000G\000o\000s\000p\000e\000l\000\040\000b\000y\000\040\000J\000o\000h\000n}{}% 22
