\BOOKMARK [0][-]{chapter.1}{\376\377\145\131\117\032\166\204\117\177\124\175}{}% 1
\BOOKMARK [1][-]{section.1.1}{\376\377\145\131\117\032}{chapter.1}% 2
\BOOKMARK [1][-]{section.1.2}{\376\377\133\373\154\102\116\012\227\142\166\204\116\213}{chapter.1}% 3
\BOOKMARK [1][-]{section.1.3}{\376\377\213\325\232\214\166\204\127\060\117\115}{chapter.1}% 4
\BOOKMARK [0][-]{chapter.2}{\376\377\171\136\121\150\227\142\166\204\145\350\141\017}{}% 5
\BOOKMARK [1][-]{section.2.1}{\376\377\176\246\177\360\171\217\227\363\151\202\211\201}{chapter.2}% 6
\BOOKMARK [1][-]{section.2.2}{\376\377\173\054\0001\0004\060\001\0001\0005\124\214\0001\0006\172\340}{chapter.2}% 7
\BOOKMARK [1][-]{section.2.3}{\376\377\147\234\133\120\166\204\133\232\116\111}{chapter.2}% 8
\BOOKMARK [0][-]{chapter.3}{\376\377\220\032\217\307\121\077\133\120\124\015\122\006\133\236\163\260\171\136\166\204\145\350\141\017}{}% 9
\BOOKMARK [1][-]{section.3.1}{\376\377\122\051\147\052\116\272\166\204\200\114\116\213}{chapter.3}% 10
\BOOKMARK [1][-]{section.3.2}{\376\377\121\077\133\120\124\015\122\006}{chapter.3}% 11
\BOOKMARK [0][-]{chapter.4}{\376\377\123\101\133\127\147\266\116\016\171\136\154\070\140\122\166\204\145\350\141\017}{}% 12
\BOOKMARK [1][-]{section.4.1}{\376\377\116\316\144\222\145\346\166\204\211\322\136\246\167\013\123\101\133\127\147\266}{chapter.4}% 13
\BOOKMARK [2][-]{subsection.4.1.1}{\376\377\116\326\166\204\116\307\140\150\127\050\224\211\123\101\133\127\147\266\116\055\146\076\227\062}{section.4.1}% 14
\BOOKMARK [2][-]{subsection.4.1.2}{\376\377\116\326\127\050\224\211\123\101\133\127\147\266\116\055\133\371\116\272\166\204\143\214\143\247\146\076\227\062}{section.4.1}% 15
\BOOKMARK [1][-]{section.4.2}{\376\377\116\316\171\136\127\043\166\204\211\322\136\246\167\013\123\101\133\127\147\266}{chapter.4}% 16
\BOOKMARK [1][-]{section.4.3}{\376\377\116\316\145\131\117\032\166\204\211\322\136\246\167\013\123\101\133\127\147\266}{chapter.4}% 17
\BOOKMARK [0][-]{chapter.5}{\376\377\145\131\117\032\131\015\155\073\166\204\127\060\117\115}{}% 18
\BOOKMARK [1][-]{section.5.1}{\376\377\131\047\162\147\116\272\137\122\147\145}{chapter.5}% 19
\BOOKMARK [1][-]{section.5.2}{\376\377\127\050\131\015\155\073\127\372\170\100\116\012\116\016\116\326\166\204\217\336\143\245}{chapter.5}% 20
\BOOKMARK [0][-]{chapter.6}{\376\377\176\246\177\360\171\217\227\363\117\064\117\243}{}% 21
